[eva] Splitting return states on:
\return(SC_APDU_get_encapsulated_apdu_size) == 0 (auto)
\return(memcpy) == 0 (auto)
\return(memset) == 0 (auto)
\return(platform_is_smartcard_inserted) == 0 (auto)
\return(platform_smartcard_early_init) == 0 (auto)
\return(platform_smartcard_init) == 0 (auto)
\return(platform_SC_adapt_clocks) == 0 (auto)
\return(platform_SC_getc) == 0 (auto)
\return(platform_SC_putc) == 0 (auto)
\return(platform_smartcard_set_1ETU_guardtime) == 0 (auto)
\return(SC_get_ATR) == 0 (auto)
\return(SC_get_sc_clock_freq) == 0 (auto)
\return(SC_is_inverse_conv) == 0 (auto)
\return(SC_set_direct_conv) == 0 (auto)
\return(SC_set_inverse_conv) == 0 (auto)
\return(SC_getc_timeout) == 0 (auto)
\return(SC_putc_timeout) == 0 (auto)
\return(SC_adapt_clocks) == 0 (auto)
\return(SC_negotiate_PTS) == 0 (auto)
\return(SC_pull_RESP_T0) == -1, 0, 1, 2 (auto)
\return(SC_push_pull_APDU_T0) == 0 (auto)
\return(SC_TPDU_T1_checksum_check) == 0 (auto)
\return(SC_push_TPDU_T1) == 0 (auto)
\return(SC_pull_TPDU_T1) == 0 (auto)
\return(SC_TPDU_T1_is_IBLOCK) == 0 (auto)
\return(SC_TPDU_T1_is_RBLOCK) == 0 (auto)
\return(SC_TPDU_T1_is_SBLOCK) == 0 (auto)
\return(SC_TPDU_T1_is_sequence_ok) == 0 (auto)
\return(SC_TPDU_T1_RBLOCK_get_error) == 0 (auto)
\return(SC_TPDU_T1_SBLOCK_get_type) == 0, 1, 3, 35 (auto)
\return(SC_TPDU_T1_SBLOCK_get_waiting_time) == 0 (auto)
\return(SC_TPDU_T1_SBLOCK_get_new_ifs) == 0 (auto)
\return(SC_reinit_iso7816) == 0 (auto)
[eva] Analyzing a complete application starting at main
[eva] Computing initial state
[eva] Initial state computed
[eva] using specification for function platform_smartcard_early_init
/home/phil/Travail/Wookey/soft/gitlab/newusb//drivers/socs/stm32f439/drviso7816/api/libdrviso7816.h:53:[eva] warning: no 'assigns \result \from ...' clause specified for
function platform_smartcard_early_init
smartcard_iso7816.c:2235:[eva:alarm] warning: assertion 'rte,unsigned_downcast' got status unknown.
smartcard_iso7816.c:2241:[eva:alarm] warning: assertion 'rte,unsigned_downcast' got status unknown.
[eva] using specification for function platform_set_smartcard_rst
[eva] using specification for function platform_set_smartcard_vcc
[eva] using specification for function platform_SC_reinit_smartcard_contact
[eva] using specification for function platform_is_smartcard_inserted
/home/phil/Travail/Wookey/soft/gitlab/newusb//drivers/socs/stm32f439/drviso7816/api/libdrviso7816.h:35:[eva] warning: no 'assigns \result \from ...' clause specified for
function platform_is_smartcard_inserted
[eva] using specification for function platform_smartcard_reinit
[eva] using specification for function platform_smartcard_init
/home/phil/Travail/Wookey/soft/gitlab/newusb//drivers/socs/stm32f439/drviso7816/api/libdrviso7816.h:59:[eva] warning: no 'assigns \result \from ...' clause specified for
function platform_smartcard_init
[eva] using specification for function platform_SC_reinit_iso7816
[eva] using specification for function platform_SC_adapt_clocks
/home/phil/Travail/Wookey/soft/gitlab/newusb//drivers/socs/stm32f439/drviso7816/api/libdrviso7816.h:70:[eva] warning: no 'assigns \result \from ...' clause specified for
function platform_SC_adapt_clocks
/home/phil/Travail/Wookey/soft/gitlab/newusb//drivers/socs/stm32f439/drviso7816/api/libdrviso7816.h:67:[eva] warning: no \from part for clause 'assigns *frequency;'
smartcard_iso7816.c:11:[eva] cannot properly split on \result == 0
[eva] using specification for function platform_get_microseconds_ticks
/home/phil/Travail/Wookey/soft/gitlab/newusb//drivers/socs/stm32f439/drviso7816/api/libdrviso7816.h:117:[eva] warning: no 'assigns \result \from ...' clause specified for
function platform_get_microseconds_ticks
smartcard_iso7816.c:40:[eva:alarm] warning: assertion 'rte,unsigned_overflow' got status unknown.
smartcard_iso7816.c:40:[eva:alarm] warning: unsigned overflow. assert 0 ≤ curr_tick - start_tick;
[eva] using specification for function platform_SC_flush
smartcard_iso7816.c:123:[eva:alarm] warning: assertion 'rte,unsigned_overflow' got status unknown.
smartcard_iso7816.c:123:[eva:alarm] warning: unsigned overflow.
assert etu_timeout * tmp_0 ≤ 4294967295;
(tmp_0 from SC_get_sc_etu())
smartcard_iso7816.c:126:[eva:alarm] warning: assertion 'rte,unsigned_downcast' got status unknown.
[eva] using specification for function platform_SC_getc
/home/phil/Travail/Wookey/soft/gitlab/newusb//drivers/socs/stm32f439/drviso7816/api/libdrviso7816.h:104:[eva] warning: no 'assigns \result \from ...' clause specified for function platform_SC_getc
/home/phil/Travail/Wookey/soft/gitlab/newusb//drivers/socs/stm32f439/drviso7816/api/libdrviso7816.h:98:[eva] warning: no \from part for clause 'assigns *c;'
smartcard_iso7816.c:130:[eva:alarm] warning: assertion 'rte,unsigned_overflow' got status unknown.
smartcard_iso7816.c:130:[eva:alarm] warning: unsigned overflow. assert 0 ≤ curr_tick - start_tick;
smartcard_iso7816.c:139:[eva:alarm] warning: accessing uninitialized left-value. assert \initialized(c);
smartcard_iso7816.c:89:[eva:alarm] warning: assertion 'rte,shift' got status invalid (stopping propagation).
smartcard_iso7816.c:228:[eva:alarm] warning: accessing uninitialized left-value. assert \initialized(&atr->ts);
[eva] using specification for function platform_SC_set_direct_conv
/home/phil/Travail/Wookey/soft/gitlab/newusb//drivers/socs/stm32f439/drviso7816/api/libdrviso7816.h:81:[eva] warning: no 'assigns \result \from ...' clause specified for
function platform_SC_set_direct_conv
[eva] using specification for function platform_SC_set_inverse_conv
/home/phil/Travail/Wookey/soft/gitlab/newusb//drivers/socs/stm32f439/drviso7816/api/libdrviso7816.h:87:[eva] warning: no 'assigns \result \from ...' clause specified for
function platform_SC_set_inverse_conv
smartcard_iso7816.c:246:[eva:alarm] warning: accessing uninitialized left-value. assert \initialized(&atr->t0);
smartcard_iso7816.c:259:[eva:alarm] warning: assertion 'rte,unsigned_downcast' got status unknown.
smartcard_iso7816.c:259:[eva:alarm] warning: accessing uninitialized left-value. assert \initialized(&atr->ta[i]);
smartcard_iso7816.c:270:[eva:alarm] warning: assertion 'rte,unsigned_downcast' got status unknown.
smartcard_iso7816.c:270:[eva:alarm] warning: accessing uninitialized left-value. assert \initialized(&atr->tb[i]);
smartcard_iso7816.c:281:[eva:alarm] warning: assertion 'rte,unsigned_downcast' got status unknown.
smartcard_iso7816.c:281:[eva:alarm] warning: accessing uninitialized left-value. assert \initialized(&atr->tc[i]);
smartcard_iso7816.c:292:[eva:alarm] warning: assertion 'rte,unsigned_downcast' got status unknown.
smartcard_iso7816.c:292:[eva:alarm] warning: accessing uninitialized left-value. assert \initialized(&atr->td[i]);
smartcard_iso7816.c:266:[eva] Trace partitioning superposing up to 100 states
smartcard_iso7816.c:277:[eva] Trace partitioning superposing up to 200 states
smartcard_iso7816.c:288:[eva] Trace partitioning superposing up to 500 states
smartcard_iso7816.c:288:[eva] Trace partitioning superposing up to 700 states
smartcard_iso7816.c:293:[eva:alarm] warning: assertion 'rte,shift' got status unknown.
smartcard_iso7816.c:293:[eva:alarm] warning: assertion 'rte,unsigned_downcast' got status unknown.
smartcard_iso7816.c:288:[eva] Trace partitioning superposing up to 800 states
smartcard_iso7816.c:288:[eva] Trace partitioning superposing up to 900 states
smartcard_iso7816.c:315:[eva:alarm] warning: assertion 'rte,unsigned_downcast' got status unknown.
smartcard_iso7816.c:315:[eva:alarm] warning: accessing uninitialized left-value. assert \initialized(&atr->h[i]);
smartcard_iso7816.c:2337:[eva] Trace partitioning superposing up to 100 states
smartcard_iso7816.c:418:[eva:alarm] warning: accessing uninitialized left-value. assert \initialized(&atr->ta[0]);
smartcard_iso7816.c:431:[eva:alarm] warning: accessing uninitialized left-value. assert \initialized(&atr->td[0]);
smartcard_iso7816.c:481:[eva] Trace partitioning superposing up to 100 states
smartcard_iso7816.c:524:[eva:alarm] warning: accessing uninitialized left-value. assert \initialized(&atr->tc[0]);
[eva] using specification for function platform_smartcard_set_1ETU_guardtime
/home/phil/Travail/Wookey/soft/gitlab/newusb//drivers/socs/stm32f439/drviso7816/api/libdrviso7816.h:158:[eva] warning: no 'assigns \result \from ...' clause specified for
function platform_smartcard_set_1ETU_guardtime
smartcard_iso7816.c:545:[eva] Trace partitioning superposing up to 200 states
smartcard_iso7816.c:550:[eva] Trace partitioning superposing up to 400 states
smartcard_iso7816.c:50:[eva:alarm] warning: assertion 'rte,unsigned_overflow' got status unknown.
smartcard_iso7816.c:50:[eva:alarm] warning: unsigned overflow.
assert etu_timeout * tmp ≤ 4294967295;
(tmp from SC_get_sc_etu())
smartcard_iso7816.c:162:[eva:alarm] warning: assertion 'rte,unsigned_overflow' got status unknown.
smartcard_iso7816.c:162:[eva:alarm] warning: unsigned overflow.
assert etu_timeout * tmp_1 ≤ 4294967295;
(tmp_1 from SC_get_sc_etu())
smartcard_iso7816.c:165:[eva:alarm] warning: assertion 'rte,unsigned_downcast' got status unknown.
[eva] using specification for function platform_SC_putc
/home/phil/Travail/Wookey/soft/gitlab/newusb//drivers/socs/stm32f439/drviso7816/api/libdrviso7816.h:111:[eva] warning: no 'assigns \result \from ...' clause specified for function platform_SC_putc
smartcard_iso7816.c:169:[eva:alarm] warning: assertion 'rte,unsigned_overflow' got status unknown.
smartcard_iso7816.c:169:[eva:alarm] warning: unsigned overflow. assert 0 ≤ curr_tick - start_tick;
smartcard_iso7816.c:562:[eva] Trace partitioning superposing up to 1600 states
smartcard_iso7816.c:583:[eva] starting to merge loop iterations
smartcard_iso7816.c:589:[eva] Trace partitioning superposing up to 1700 states
smartcard_iso7816.c:614:[eva:alarm] warning: accessing uninitialized left-value. assert \initialized(&c);
smartcard_iso7816.c:665:[eva:alarm] warning: accessing uninitialized left-value. assert \initialized(&atr->tc[1]);
smartcard_iso7816.c:670:[eva:alarm] warning: assertion 'rte,unsigned_overflow' got status unknown.
smartcard_iso7816.c:670:[eva:alarm] warning: unsigned overflow.
assert (uint32_t)(960 * atr->D_i_curr) * (uint32_t)wi ≤ 4294967295;
[eva] using specification for function platform_smartcard_lost
[eva] done for function main
smartcard_iso7816.c:36:[eva] assertion 'rte,division_by_zero' got final status valid.
smartcard_iso7816.c:36:[eva] assertion 'rte,unsigned_overflow' got final status valid.
smartcard_iso7816.c:40:[eva] assertion 'rte,unsigned_overflow' got final status valid.
smartcard_iso7816.c:50:[eva] assertion 'rte,unsigned_overflow' got final status valid.
smartcard_iso7816.c:89:[eva] assertion 'rte,unsigned_downcast' got final status valid.
smartcard_iso7816.c:89:[eva] assertion 'rte,signed_overflow' got final status valid.
smartcard_iso7816.c:89:[eva] assertion 'rte,shift' got final status valid.
smartcard_iso7816.c:89:[eva] assertion 'rte,shift' got final status valid.
smartcard_iso7816.c:89:[eva] assertion 'rte,unsigned_overflow' got final status valid.
smartcard_iso7816.c:89:[eva] assertion 'rte,shift' got final status invalid.
smartcard_iso7816.c:89:[eva] assertion 'rte,shift' got final status valid.
smartcard_iso7816.c:123:[eva] assertion 'rte,division_by_zero' got final status valid.
smartcard_iso7816.c:123:[eva] assertion 'rte,unsigned_overflow' got final status valid.
smartcard_iso7816.c:130:[eva] assertion 'rte,unsigned_overflow' got final status valid.
smartcard_iso7816.c:132:[eva] assertion 'rte,unsigned_downcast' got final status valid.
smartcard_iso7816.c:139:[eva] assertion 'rte,mem_access' got final status valid.
smartcard_iso7816.c:162:[eva] assertion 'rte,division_by_zero' got final status valid.
smartcard_iso7816.c:162:[eva] assertion 'rte,unsigned_overflow' got final status valid.
smartcard_iso7816.c:169:[eva] assertion 'rte,unsigned_overflow' got final status valid.
smartcard_iso7816.c:171:[eva] assertion 'rte,unsigned_downcast' got final status valid.
smartcard_iso7816.c:211:[eva] assertion 'rte,mem_access' got final status valid.
smartcard_iso7816.c:212:[eva] assertion 'rte,mem_access' got final status valid.
smartcard_iso7816.c:213:[eva] assertion 'rte,mem_access' got final status valid.
smartcard_iso7816.c:214:[eva] assertion 'rte,mem_access' got final status valid.
smartcard_iso7816.c:215:[eva] assertion 'rte,mem_access' got final status valid.
smartcard_iso7816.c:216:[eva] assertion 'rte,unsigned_overflow' got final status valid.
smartcard_iso7816.c:217:[eva] assertion 'rte,mem_access' got final status valid.
smartcard_iso7816.c:217:[eva] assertion 'rte,index_bound' got final status valid.
smartcard_iso7816.c:219:[eva] assertion 'rte,mem_access' got final status valid.
smartcard_iso7816.c:224:[eva] assertion 'rte,pointer_value' got final status valid.
smartcard_iso7816.c:228:[eva] assertion 'rte,mem_access' got final status valid.
smartcard_iso7816.c:233:[eva] assertion 'rte,mem_access' got final status valid.
smartcard_iso7816.c:237:[eva] assertion 'rte,mem_access' got final status valid.
smartcard_iso7816.c:243:[eva] assertion 'rte,pointer_value' got final status valid.
smartcard_iso7816.c:246:[eva] assertion 'rte,mem_access' got final status valid.
smartcard_iso7816.c:248:[eva] assertion 'rte,unsigned_downcast' got final status valid.
smartcard_iso7816.c:248:[eva] assertion 'rte,shift' got final status valid.
smartcard_iso7816.c:248:[eva] assertion 'rte,mem_access' got final status valid.
smartcard_iso7816.c:249:[eva] assertion 'rte,unsigned_overflow' got final status valid.
smartcard_iso7816.c:255:[eva] assertion 'rte,pointer_value' got final status valid.
smartcard_iso7816.c:258:[eva] assertion 'rte,unsigned_downcast' got final status valid.
smartcard_iso7816.c:258:[eva] assertion 'rte,signed_overflow' got final status valid.
smartcard_iso7816.c:258:[eva] assertion 'rte,shift' got final status valid.
smartcard_iso7816.c:258:[eva] assertion 'rte,mem_access' got final status valid.
smartcard_iso7816.c:259:[eva] assertion 'rte,mem_access' got final status valid.
smartcard_iso7816.c:259:[eva] assertion 'rte,index_bound' got final status valid.
smartcard_iso7816.c:266:[eva] assertion 'rte,pointer_value' got final status valid.
smartcard_iso7816.c:269:[eva] assertion 'rte,unsigned_downcast' got final status valid.
smartcard_iso7816.c:269:[eva] assertion 'rte,signed_overflow' got final status valid.
smartcard_iso7816.c:269:[eva] assertion 'rte,shift' got final status valid.
smartcard_iso7816.c:269:[eva] assertion 'rte,mem_access' got final status valid.
smartcard_iso7816.c:270:[eva] assertion 'rte,mem_access' got final status valid.
smartcard_iso7816.c:270:[eva] assertion 'rte,index_bound' got final status valid.
smartcard_iso7816.c:277:[eva] assertion 'rte,pointer_value' got final status valid.
smartcard_iso7816.c:280:[eva] assertion 'rte,unsigned_downcast' got final status valid.
smartcard_iso7816.c:280:[eva] assertion 'rte,signed_overflow' got final status valid.
smartcard_iso7816.c:280:[eva] assertion 'rte,shift' got final status valid.
smartcard_iso7816.c:280:[eva] assertion 'rte,mem_access' got final status valid.
smartcard_iso7816.c:281:[eva] assertion 'rte,mem_access' got final status valid.
smartcard_iso7816.c:281:[eva] assertion 'rte,index_bound' got final status valid.
smartcard_iso7816.c:288:[eva] assertion 'rte,pointer_value' got final status valid.
smartcard_iso7816.c:291:[eva] assertion 'rte,unsigned_downcast' got final status valid.
smartcard_iso7816.c:291:[eva] assertion 'rte,signed_overflow' got final status valid.
smartcard_iso7816.c:291:[eva] assertion 'rte,shift' got final status valid.
smartcard_iso7816.c:291:[eva] assertion 'rte,mem_access' got final status valid.
smartcard_iso7816.c:292:[eva] assertion 'rte,mem_access' got final status valid.
smartcard_iso7816.c:292:[eva] assertion 'rte,index_bound' got final status valid.
smartcard_iso7816.c:293:[eva] assertion 'rte,mem_access' got final status valid.
smartcard_iso7816.c:293:[eva] assertion 'rte,index_bound' got final status valid.
smartcard_iso7816.c:294:[eva] assertion 'rte,mem_access' got final status valid.
smartcard_iso7816.c:294:[eva] assertion 'rte,index_bound' got final status valid.
smartcard_iso7816.c:303:[eva] assertion 'rte,unsigned_downcast' got final status valid.
smartcard_iso7816.c:303:[eva] assertion 'rte,mem_access' got final status valid.
smartcard_iso7816.c:304:[eva] assertion 'rte,mem_access' got final status valid.
smartcard_iso7816.c:304:[eva] assertion 'rte,unsigned_overflow' got final status valid.
smartcard_iso7816.c:308:[eva] assertion 'rte,mem_access' got final status valid.
smartcard_iso7816.c:312:[eva] assertion 'rte,pointer_value' got final status valid.
smartcard_iso7816.c:315:[eva] assertion 'rte,mem_access' got final status valid.
smartcard_iso7816.c:315:[eva] assertion 'rte,index_bound' got final status valid.
smartcard_iso7816.c:317:[eva] assertion 'rte,mem_access' got final status valid.
smartcard_iso7816.c:318:[eva] assertion 'rte,mem_access' got final status valid.
smartcard_iso7816.c:321:[eva] assertion 'rte,mem_access' got final status valid.
smartcard_iso7816.c:323:[eva] assertion 'rte,pointer_value' got final status valid.
smartcard_iso7816.c:327:[eva] assertion 'rte,mem_access' got final status valid.
smartcard_iso7816.c:405:[eva] assertion 'rte,mem_access' got final status valid.
smartcard_iso7816.c:417:[eva] assertion 'rte,mem_access' got final status valid.
smartcard_iso7816.c:418:[eva] assertion 'rte,mem_access' got final status valid.
smartcard_iso7816.c:426:[eva] assertion 'rte,mem_access' got final status valid.
smartcard_iso7816.c:430:[eva] assertion 'rte,mem_access' got final status valid.
smartcard_iso7816.c:431:[eva] assertion 'rte,mem_access' got final status valid.
smartcard_iso7816.c:432:[eva] assertion 'rte,unsigned_downcast' got final status valid.
smartcard_iso7816.c:432:[eva] assertion 'rte,mem_access' got final status valid.
smartcard_iso7816.c:434:[eva] assertion 'rte,mem_access' got final status valid.
smartcard_iso7816.c:434:[eva] assertion 'rte,mem_access' got final status valid.
smartcard_iso7816.c:445:[eva] assertion 'rte,unsigned_downcast' got final status valid.
smartcard_iso7816.c:445:[eva] assertion 'rte,signed_overflow' got final status valid.
smartcard_iso7816.c:445:[eva] assertion 'rte,mem_access' got final status valid.
smartcard_iso7816.c:447:[eva] assertion 'rte,mem_access' got final status valid.
smartcard_iso7816.c:451:[eva] assertion 'rte,index_bound' got final status valid.
smartcard_iso7816.c:451:[eva] assertion 'rte,mem_access' got final status valid.
smartcard_iso7816.c:452:[eva] assertion 'rte,index_bound' got final status valid.
smartcard_iso7816.c:452:[eva] assertion 'rte,shift' got final status valid.
smartcard_iso7816.c:452:[eva] assertion 'rte,mem_access' got final status valid.
smartcard_iso7816.c:453:[eva] assertion 'rte,index_bound' got final status valid.
smartcard_iso7816.c:453:[eva] assertion 'rte,shift' got final status valid.
smartcard_iso7816.c:453:[eva] assertion 'rte,mem_access' got final status valid.
smartcard_iso7816.c:457:[eva] assertion 'rte,mem_access' got final status valid.
smartcard_iso7816.c:465:[eva] assertion 'rte,unsigned_downcast' got final status valid.
smartcard_iso7816.c:472:[eva] assertion 'rte,index_bound' got final status valid.
smartcard_iso7816.c:473:[eva] assertion 'rte,index_bound' got final status valid.
smartcard_iso7816.c:475:[eva] assertion 'rte,unsigned_overflow' got final status valid.
smartcard_iso7816.c:475:[eva] assertion 'rte,index_bound' got final status valid.
smartcard_iso7816.c:475:[eva] assertion 'rte,mem_access' got final status valid.
smartcard_iso7816.c:479:[eva] assertion 'rte,division_by_zero' got final status valid.
smartcard_iso7816.c:479:[eva] assertion 'rte,index_bound' got final status valid.
smartcard_iso7816.c:479:[eva] assertion 'rte,mem_access' got final status valid.
smartcard_iso7816.c:482:[eva] assertion 'rte,unsigned_overflow' got final status valid.
smartcard_iso7816.c:492:[eva] assertion 'rte,index_bound' got final status valid.
smartcard_iso7816.c:492:[eva] assertion 'rte,mem_access' got final status valid.
smartcard_iso7816.c:497:[eva] assertion 'rte,mem_access' got final status valid.
smartcard_iso7816.c:497:[eva] assertion 'rte,mem_access' got final status valid.
smartcard_iso7816.c:497:[eva] assertion 'rte,mem_access' got final status valid.
smartcard_iso7816.c:502:[eva] assertion 'rte,mem_access' got final status valid.
smartcard_iso7816.c:504:[eva] assertion 'rte,unsigned_overflow' got final status valid.
smartcard_iso7816.c:504:[eva] assertion 'rte,mem_access' got final status valid.
smartcard_iso7816.c:508:[eva] assertion 'rte,division_by_zero' got final status valid.
smartcard_iso7816.c:508:[eva] assertion 'rte,mem_access' got final status valid.
smartcard_iso7816.c:515:[eva] assertion 'rte,mem_access' got final status valid.
smartcard_iso7816.c:522:[eva] assertion 'rte,mem_access' got final status valid.
smartcard_iso7816.c:524:[eva] assertion 'rte,mem_access' got final status valid.
smartcard_iso7816.c:527:[eva] assertion 'rte,mem_access' got final status valid.
smartcard_iso7816.c:530:[eva] assertion 'rte,mem_access' got final status valid.
smartcard_iso7816.c:547:[eva] assertion 'rte,unsigned_overflow' got final status valid.
smartcard_iso7816.c:566:[eva] assertion 'rte,unsigned_downcast' got final status valid.
smartcard_iso7816.c:568:[eva] assertion 'rte,unsigned_downcast' got final status valid.
smartcard_iso7816.c:568:[eva] assertion 'rte,mem_access' got final status valid.
smartcard_iso7816.c:568:[eva] assertion 'rte,signed_overflow' got final status valid.
smartcard_iso7816.c:568:[eva] assertion 'rte,shift' got final status valid.
smartcard_iso7816.c:572:[eva] assertion 'rte,unsigned_downcast' got final status valid.
smartcard_iso7816.c:572:[eva] assertion 'rte,mem_access' got final status valid.
smartcard_iso7816.c:572:[eva] assertion 'rte,signed_overflow' got final status valid.
smartcard_iso7816.c:572:[eva] assertion 'rte,shift' got final status valid.
smartcard_iso7816.c:577:[eva] assertion 'rte,unsigned_overflow' got final status valid.
smartcard_iso7816.c:578:[eva] assertion 'rte,index_bound' got final status valid.
smartcard_iso7816.c:578:[eva] assertion 'rte,mem_access' got final status valid.
smartcard_iso7816.c:579:[eva] assertion 'rte,unsigned_downcast' got final status valid.
smartcard_iso7816.c:579:[eva] assertion 'rte,unsigned_overflow' got final status valid.
smartcard_iso7816.c:583:[eva] assertion 'rte,unsigned_overflow' got final status valid.
smartcard_iso7816.c:584:[eva] assertion 'rte,index_bound' got final status valid.
smartcard_iso7816.c:584:[eva] assertion 'rte,mem_access' got final status valid.
smartcard_iso7816.c:585:[eva] assertion 'rte,unsigned_downcast' got final status valid.
smartcard_iso7816.c:593:[eva] assertion 'rte,unsigned_downcast' got final status valid.
smartcard_iso7816.c:600:[eva] assertion 'rte,unsigned_downcast' got final status valid.
smartcard_iso7816.c:623:[eva] assertion 'rte,mem_access' got final status valid.
smartcard_iso7816.c:623:[eva] assertion 'rte,signed_overflow' got final status valid.
smartcard_iso7816.c:623:[eva] assertion 'rte,shift' got final status valid.
smartcard_iso7816.c:661:[eva] assertion 'rte,mem_access' got final status valid.
smartcard_iso7816.c:665:[eva] assertion 'rte,mem_access' got final status valid.
smartcard_iso7816.c:666:[eva] assertion 'rte,mem_access' got final status valid.
smartcard_iso7816.c:670:[eva] assertion 'rte,unsigned_overflow' got final status valid.
smartcard_iso7816.c:670:[eva] assertion 'rte,mem_access' got final status valid.
smartcard_iso7816.c:678:[eva] assertion 'rte,unsigned_overflow' got final status valid.
smartcard_iso7816.c:683:[eva] assertion 'rte,mem_access' got final status valid.
smartcard_iso7816.c:692:[eva] assertion 'rte,mem_access' got final status valid.
smartcard_iso7816.c:692:[eva] assertion 'rte,mem_access' got final status valid.
smartcard_iso7816.c:2235:[eva] assertion 'rte,unsigned_downcast' got final status valid.
smartcard_iso7816.c:2241:[eva] assertion 'rte,unsigned_downcast' got final status valid.
[eva] ====== VALUES COMPUTED ======
[eva] ####### Value execution feedback #########
Long running functions (does not include current running time):
===============================================================
+ main: executed: 1x total: 148.694s
    | test_fcn_iso7816 1x 148.693s (100.0%) | 1 others: 0.000s (0.0%) | self: 0.001s (0.0%)|
+ test_fcn_iso7816: executed: 1x total: 148.693s
    | SC_iso7816_fsm_init 4x 148.673s (100.0%) | 4 others: 0.013s (0.0%) | self: 0.007s (0.0%)|
+ SC_iso7816_fsm_init: executed: 4x total: 148.673s
    | SC_get_ATR 24x 123.287s (82.9%) | SC_negotiate_PTS 8x 25.155s (16.9%) | 6 others: 0.063s (0.0%) | self: 0.168s (0.1%)|
+ SC_get_ATR: executed: 24x total: 123.287s
    | SC_getc_timeout 17880x 93.054s (75.5%) | 4 others: 0.004s (0.0%) | self: 30.230s (24.5%)|
+ SC_getc_timeout: executed: 18296x total: 95.158s
    | platform_SC_getc 54888x 10.881s (11.4%) | 5 others: 5.094s (5.4%) | self: 79.184s (83.2%)|
+ SC_negotiate_PTS: executed: 8x total: 25.155s
    | SC_getc_timeout 416x 2.105s (8.4%) | 5 others: 1.855s (7.4%) | self: 21.196s (84.3%)|
+ platform_SC_getc: executed: 54888x total: 10.881s
    | self: 10.881s (100.0%)|

Execution time per callstack (includes current running time):
=============================================================
+ main: executed: 1x total: 148.694s
| + test_fcn_iso7816: executed: 1x total: 148.693s
| | + SC_iso7816_fsm_init: executed: 2x total: 148.672s
| | | + SC_get_ATR: executed: 24x total: 123.287s
| | | | + SC_getc_timeout: executed: 5832x total: 30.386s
| | | | + SC_getc_timeout: executed: 3864x total: 19.940s
| | | | + SC_getc_timeout: executed: 3360x total: 17.822s
| | | | + SC_getc_timeout: executed: 2112x total: 10.655s
| | | | + SC_getc_timeout: executed: 1776x total: 9.322s
| | | | + SC_getc_timeout: executed: 888x total: 4.669s
| | | + SC_negotiate_PTS: executed: 8x total: 25.155s
################
[eva] Listing red statuses in file framac/results/frama-c-rte-eva_report
